\BOOKMARK [0][-]{chapter.1}{\376\377\0001\000\040\000U\000v\000o\000d}{}% 1
\BOOKMARK [1][-]{section.1.1}{\376\377\0001\000.\0001\000\040\000O\000p\000i\000s\000\040\000A\000p\000l\000i\000k\000a\000c\000i\000j\000s\000k\000e\000\040\000D\000o\000m\000e\000n\000e}{chapter.1}% 2
\BOOKMARK [1][-]{section.1.2}{\376\377\0001\000.\0002\000\040\000M\000o\000t\000i\000v\000a\000c\000i\000j\000a\000\040\000i\000\040\000C\000i\000l\000j}{chapter.1}% 3
\BOOKMARK [0][-]{chapter.2}{\376\377\0002\000\040\000T\000e\000o\000r\000i\000j\000s\000k\000i\000\040\000o\000k\000v\000i\000r}{}% 4
\BOOKMARK [1][-]{section.2.1}{\376\377\0002\000.\0001\000\040\000O\000b\000j\000e\000k\000t\000n\000o\000-\000O\000r\000i\000j\000e\000n\000t\000i\000r\000a\000n\000e\000\040\000B\000a\000z\000e\000\040\000P\000o\000d\000a\000t\000a\000k\000a\000\040\000\050\000O\000O\000B\000P\000\051}{chapter.2}% 5
\BOOKMARK [1][-]{section.2.2}{\376\377\0002\000.\0002\000\040\000U\000s\000p\000o\000r\000e\000d\000b\000a\000\040\000s\000\040\000R\000e\000l\000a\000c\000i\000j\000s\000k\000i\000m\000\040\000P\000r\000i\000s\000t\000u\000p\000o\000m}{chapter.2}% 6
\BOOKMARK [1][-]{section.2.3}{\376\377\0002\000.\0003\000\040\000A\000C\000I\000D\000\040\000S\000v\000o\000j\000s\000t\000v\000a\000\040\000i\000\040\000T\000r\000a\000n\000s\000a\000k\000c\000i\000j\000e}{chapter.2}% 7
\BOOKMARK [0][-]{chapter.3}{\376\377\0003\000\040\000M\000o\000d\000e\000l\000\040\000B\000a\000z\000e\000\040\000P\000o\000d\000a\000t\000a\000k\000a}{}% 8
\BOOKMARK [1][-]{section.3.1}{\376\377\0003\000.\0001\000\040\000S\000t\000r\000u\000k\000t\000u\000r\000a\000\040\000K\000o\000r\000i\000j\000e\000n\000s\000k\000o\000g\000\040\000O\000b\000j\000e\000k\000t\000a}{chapter.3}% 9
\BOOKMARK [1][-]{section.3.2}{\376\377\0003\000.\0002\000\040\000K\000l\000a\000s\000e\000\040\000P\000o\000d\000a\000t\000a\000k\000a}{chapter.3}% 10
\BOOKMARK [2][-]{subsection.3.2.1}{\376\377\0003\000.\0002\000.\0001\000\040\000K\000l\000a\000s\000a\000\040\000P\000l\000a\000y\000e\000r}{section.3.2}% 11
\BOOKMARK [2][-]{subsection.3.2.2}{\376\377\0003\000.\0002\000.\0002\000\040\000K\000l\000a\000s\000a\000\040\000I\000t\000e\000m}{section.3.2}% 12
\BOOKMARK [0][-]{chapter.4}{\376\377\0004\000\040\000I\000m\000p\000l\000e\000m\000e\000n\000t\000a\000c\000i\000j\000a}{}% 13
\BOOKMARK [1][-]{section.4.1}{\376\377\0004\000.\0001\000\040\000A\000r\000h\000i\000t\000e\000k\000t\000u\000r\000a\000\040\000S\000u\000s\000t\000a\000v\000a}{chapter.4}% 14
\BOOKMARK [1][-]{section.4.2}{\376\377\0004\000.\0002\000\040\000U\000p\000r\000a\000v\000l\000j\000a\000n\000j\000e\000\040\000B\000a\000z\000o\000m\000\040\000\050\000G\000a\000m\000e\000D\000B\000\040\000k\000l\000a\000s\000a\000\051}{chapter.4}% 15
\BOOKMARK [1][-]{section.4.3}{\376\377\0004\000.\0003\000\040\000I\000m\000p\000l\000e\000m\000e\000n\000t\000a\000c\000i\000j\000a\000\040\000O\000k\000i\000d\000a\001\015\000a\000\040\000\050\000T\000r\000i\000g\000g\000e\000r\000s\000\051}{chapter.4}% 16
\BOOKMARK [1][-]{section.4.4}{\376\377\0004\000.\0004\000\040\000G\000a\000m\000e\000\040\000L\000o\000o\000p\000\040\000i\000\040\000T\000r\000a\000n\000s\000a\000k\000c\000i\000j\000e}{chapter.4}% 17
\BOOKMARK [0][-]{chapter.5}{\376\377\0005\000\040\000P\000r\000i\000m\000j\000e\000r\000i\000\040\000K\000o\000r\000i\001\141\000t\000e\000n\000j\000a}{}% 18
\BOOKMARK [1][-]{section.5.1}{\376\377\0005\000.\0001\000\040\000I\000n\000s\000t\000a\000l\000a\000c\000i\000j\000a\000\040\000i\000\040\000P\000o\000k\000r\000e\000t\000a\000n\000j\000e}{chapter.5}% 19
\BOOKMARK [1][-]{section.5.2}{\376\377\0005\000.\0002\000\040\000S\000c\000e\000n\000a\000r\000i\000j\000\040\000I\000g\000r\000a\000n\000j\000a}{chapter.5}% 20
\BOOKMARK [1][-]{section.5.3}{\376\377\0005\000.\0003\000\040\000R\000e\000s\000e\000t\000i\000r\000a\000n\000j\000e\000\040\000B\000a\000z\000e}{chapter.5}% 21
\BOOKMARK [0][-]{chapter.6}{\376\377\0006\000\040\000Z\000a\000k\000l\000j\000u\001\015\000a\000k}{}% 22
\BOOKMARK [0][-]{chapter*.7}{\376\377\000P\000o\000p\000i\000s\000\040\000l\000i\000t\000e\000r\000a\000t\000u\000r\000e}{}% 23
\BOOKMARK [0][-]{chapter*.8}{\376\377\000P\000o\000p\000i\000s\000\040\000s\000l\000i\000k\000a}{}% 24
\BOOKMARK [0][-]{chapter*.9}{\376\377\000P\000o\000p\000i\000s\000\040\000t\000a\000b\000l\000i\000c\000a}{}% 25
